This is pdfTeX, Version 3.1415926-2.5-1.40.14 (TeX Live 2013/Debian) (format=pdflatex 2015.5.18)  29 MAY 2015 11:54
entering extended mode
 restricted \write18 enabled.
 %&-line parsing enabled.
**praca.tex
(./praca.tex
LaTeX2e <2011/06/27>
Babel <3.9h> and hyphenation patterns for 3 languages loaded.
(./aghdpl.cls *** [aghdpl.cls] --- (MSz, GJN) v0.22 <05.04.2011> ***
Document Class: aghdpl 
(/usr/share/texlive/texmf-dist/tex/latex/base/book.cls
Document Class: book 2007/10/19 v1.4h Standard LaTeX document class
(/usr/share/texlive/texmf-dist/tex/latex/base/bk11.clo
File: bk11.clo 2007/10/19 v1.4h Standard LaTeX file (size option)
)
\c@part=\count79
\c@chapter=\count80
\c@section=\count81
\c@subsection=\count82
\c@subsubsection=\count83
\c@paragraph=\count84
\c@subparagraph=\count85
\c@figure=\count86
\c@table=\count87
\abovecaptionskip=\skip41
\belowcaptionskip=\skip42
\bibindent=\dimen102
)
(/usr/share/texlive/texmf-dist/tex/latex/psnfss/times.sty
Package: times 2005/04/12 PSNFSS-v9.2a (SPQR) 
)
(/usr/share/texlive/texmf-dist/tex/latex/base/fontenc.sty
Package: fontenc 2005/09/27 v1.99g Standard LaTeX package

(/usr/share/texlive/texmf-dist/tex/latex/base/t1enc.def
File: t1enc.def 2005/09/27 v1.99g Standard LaTeX file
LaTeX Font Info:    Redeclaring font encoding T1 on input line 43.
))
(/usr/share/texlive/texmf-dist/tex/latex/graphics/graphicx.sty
Package: graphicx 1999/02/16 v1.0f Enhanced LaTeX Graphics (DPC,SPQR)

(/usr/share/texlive/texmf-dist/tex/latex/graphics/keyval.sty
Package: keyval 1999/03/16 v1.13 key=value parser (DPC)
\KV@toks@=\toks14
)
(/usr/share/texlive/texmf-dist/tex/latex/graphics/graphics.sty
Package: graphics 2009/02/05 v1.0o Standard LaTeX Graphics (DPC,SPQR)

(/usr/share/texlive/texmf-dist/tex/latex/graphics/trig.sty
Package: trig 1999/03/16 v1.09 sin cos tan (DPC)
)
(/usr/share/texlive/texmf-dist/tex/latex/latexconfig/graphics.cfg
File: graphics.cfg 2010/04/23 v1.9 graphics configuration of TeX Live
)
Package graphics Info: Driver file: pdftex.def on input line 91.

(/usr/share/texlive/texmf-dist/tex/latex/pdftex-def/pdftex.def
File: pdftex.def 2011/05/27 v0.06d Graphics/color for pdfTeX

(/usr/share/texlive/texmf-dist/tex/generic/oberdiek/infwarerr.sty
Package: infwarerr 2010/04/08 v1.3 Providing info/warning/error messages (HO)
)
(/usr/share/texlive/texmf-dist/tex/generic/oberdiek/ltxcmds.sty
Package: ltxcmds 2011/11/09 v1.22 LaTeX kernel commands for general use (HO)
)
\Gread@gobject=\count88
))
\Gin@req@height=\dimen103
\Gin@req@width=\dimen104
)
(/usr/share/texlive/texmf-dist/tex/latex/geometry/geometry.sty
Package: geometry 2010/09/12 v5.6 Page Geometry

(/usr/share/texlive/texmf-dist/tex/generic/oberdiek/ifpdf.sty
Package: ifpdf 2011/01/30 v2.3 Provides the ifpdf switch (HO)
Package ifpdf Info: pdfTeX in PDF mode is detected.
)
(/usr/share/texlive/texmf-dist/tex/generic/oberdiek/ifvtex.sty
Package: ifvtex 2010/03/01 v1.5 Detect VTeX and its facilities (HO)
Package ifvtex Info: VTeX not detected.
)
(/usr/share/texlive/texmf-dist/tex/generic/ifxetex/ifxetex.sty
Package: ifxetex 2010/09/12 v0.6 Provides ifxetex conditional
)
\Gm@cnth=\count89
\Gm@cntv=\count90
\c@Gm@tempcnt=\count91
\Gm@bindingoffset=\dimen105
\Gm@wd@mp=\dimen106
\Gm@odd@mp=\dimen107
\Gm@even@mp=\dimen108
\Gm@layoutwidth=\dimen109
\Gm@layoutheight=\dimen110
\Gm@layouthoffset=\dimen111
\Gm@layoutvoffset=\dimen112
\Gm@dimlist=\toks15
)
(/usr/share/texlive/texmf-dist/tex/latex/graphics/color.sty
Package: color 2005/11/14 v1.0j Standard LaTeX Color (DPC)

(/usr/share/texlive/texmf-dist/tex/latex/latexconfig/color.cfg
File: color.cfg 2007/01/18 v1.5 color configuration of teTeX/TeXLive
)
Package color Info: Driver file: pdftex.def on input line 130.
)
(/usr/share/texlive/texmf-dist/tex/latex/fancyhdr/fancyhdr.sty
\fancy@headwidth=\skip43
\f@ncyO@elh=\skip44
\f@ncyO@erh=\skip45
\f@ncyO@olh=\skip46
\f@ncyO@orh=\skip47
\f@ncyO@elf=\skip48
\f@ncyO@erf=\skip49
\f@ncyO@olf=\skip50
\f@ncyO@orf=\skip51
)
(/usr/share/texlive/texmf-dist/tex/latex/url/url.sty
\Urlmuskip=\muskip10
Package: url 2006/04/12  ver 3.3  Verb mode for urls, etc.
)
(/usr/share/texlive/texmf-dist/tex/latex/titlesec/titlesec.sty
Package: titlesec 2011/12/15 v2.10.0 Sectioning titles
\ttl@box=\box26
\beforetitleunit=\skip52
\aftertitleunit=\skip53
\ttl@plus=\dimen113
\ttl@minus=\dimen114
\ttl@toksa=\toks16
\titlewidth=\dimen115
\titlewidthlast=\dimen116
\titlewidthfirst=\dimen117
)
(/usr/share/texlive/texmf-dist/tex/latex/tocloft/tocloft.sty
Package: tocloft 2013/05/02 v2.3f parameterised ToC, etc., typesetting
Package tocloft Info: The document has chapter divisions on input line 44.
\cftparskip=\skip54
\cftbeforetoctitleskip=\skip55
\cftaftertoctitleskip=\skip56
\cftbeforepartskip=\skip57
\cftpartnumwidth=\skip58
\cftpartindent=\skip59
\cftbeforechapskip=\skip60
\cftchapindent=\skip61
\cftchapnumwidth=\skip62
\cftbeforesecskip=\skip63
\cftsecindent=\skip64
\cftsecnumwidth=\skip65
\cftbeforesubsecskip=\skip66
\cftsubsecindent=\skip67
\cftsubsecnumwidth=\skip68
\cftbeforesubsubsecskip=\skip69
\cftsubsubsecindent=\skip70
\cftsubsubsecnumwidth=\skip71
\cftbeforeparaskip=\skip72
\cftparaindent=\skip73
\cftparanumwidth=\skip74
\cftbeforesubparaskip=\skip75
\cftsubparaindent=\skip76
\cftsubparanumwidth=\skip77
\cftbeforeloftitleskip=\skip78
\cftafterloftitleskip=\skip79
\cftbeforefigskip=\skip80
\cftfigindent=\skip81
\cftfignumwidth=\skip82
\c@lofdepth=\count92
\c@lotdepth=\count93
\cftbeforelottitleskip=\skip83
\cftafterlottitleskip=\skip84
\cftbeforetabskip=\skip85
\cfttabindent=\skip86
\cfttabnumwidth=\skip87
)
(/usr/share/texlive/texmf-dist/tex/latex/titlesec/block.tss
File: block.tss 2011/12/15
))
(/usr/share/texlive/texmf-dist/tex/latex/base/fontenc.sty
Package: fontenc 2005/09/27 v1.99g Standard LaTeX package

(/usr/share/texlive/texmf-dist/tex/latex/base/t1enc.def
File: t1enc.def 2005/09/27 v1.99g Standard LaTeX file
LaTeX Font Info:    Redeclaring font encoding T1 on input line 43.
))
(/usr/share/texlive/texmf-dist/tex/latex/natbib/natbib.sty
Package: natbib 2010/09/13 8.31b (PWD, AO)
\bibhang=\skip88
\bibsep=\skip89
LaTeX Info: Redefining \cite on input line 694.
\c@NAT@ctr=\count94
)
(/usr/share/texlive/texmf-dist/tex/generic/babel/babel.sty
Package: babel 2013/12/03 3.9h The Babel package

(/usr/share/texlive/texmf-dist/tex/generic/babel-polish/polish.ldf
Language: polish 2005/03/31 v1.2l Polish support from the babel system

(/usr/share/texlive/texmf-dist/tex/generic/babel/babel.def
File: babel.def 2013/12/03 3.9h Babel common definitions
\babel@savecnt=\count95
\U@D=\dimen118
)
Package babel Info: Making " an active character on input line 83.
\pl@left=\dimen119
\pl@down=\dimen120
\pl@right=\dimen121
\pl@temp=\dimen122
))
(/usr/share/texlive/texmf-dist/tex/latex/base/inputenc.sty
Package: inputenc 2008/03/30 v1.1d Input encoding file
\inpenc@prehook=\toks17
\inpenc@posthook=\toks18

(/usr/share/texlive/texmf-dist/tex/latex/base/utf8.def
File: utf8.def 2008/04/05 v1.1m UTF-8 support for inputenc
Now handling font encoding OML ...
... no UTF-8 mapping file for font encoding OML
Now handling font encoding T1 ...
... processing UTF-8 mapping file for font encoding T1

(/usr/share/texlive/texmf-dist/tex/latex/base/t1enc.dfu
File: t1enc.dfu 2008/04/05 v1.1m UTF-8 support for inputenc
   defining Unicode char U+00A1 (decimal 161)
   defining Unicode char U+00A3 (decimal 163)
   defining Unicode char U+00AB (decimal 171)
   defining Unicode char U+00BB (decimal 187)
   defining Unicode char U+00BF (decimal 191)
   defining Unicode char U+00C0 (decimal 192)
   defining Unicode char U+00C1 (decimal 193)
   defining Unicode char U+00C2 (decimal 194)
   defining Unicode char U+00C3 (decimal 195)
   defining Unicode char U+00C4 (decimal 196)
   defining Unicode char U+00C5 (decimal 197)
   defining Unicode char U+00C6 (decimal 198)
   defining Unicode char U+00C7 (decimal 199)
   defining Unicode char U+00C8 (decimal 200)
   defining Unicode char U+00C9 (decimal 201)
   defining Unicode char U+00CA (decimal 202)
   defining Unicode char U+00CB (decimal 203)
   defining Unicode char U+00CC (decimal 204)
   defining Unicode char U+00CD (decimal 205)
   defining Unicode char U+00CE (decimal 206)
   defining Unicode char U+00CF (decimal 207)
   defining Unicode char U+00D0 (decimal 208)
   defining Unicode char U+00D1 (decimal 209)
   defining Unicode char U+00D2 (decimal 210)
   defining Unicode char U+00D3 (decimal 211)
   defining Unicode char U+00D4 (decimal 212)
   defining Unicode char U+00D5 (decimal 213)
   defining Unicode char U+00D6 (decimal 214)
   defining Unicode char U+00D8 (decimal 216)
   defining Unicode char U+00D9 (decimal 217)
   defining Unicode char U+00DA (decimal 218)
   defining Unicode char U+00DB (decimal 219)
   defining Unicode char U+00DC (decimal 220)
   defining Unicode char U+00DD (decimal 221)
   defining Unicode char U+00DE (decimal 222)
   defining Unicode char U+00DF (decimal 223)
   defining Unicode char U+00E0 (decimal 224)
   defining Unicode char U+00E1 (decimal 225)
   defining Unicode char U+00E2 (decimal 226)
   defining Unicode char U+00E3 (decimal 227)
   defining Unicode char U+00E4 (decimal 228)
   defining Unicode char U+00E5 (decimal 229)
   defining Unicode char U+00E6 (decimal 230)
   defining Unicode char U+00E7 (decimal 231)
   defining Unicode char U+00E8 (decimal 232)
   defining Unicode char U+00E9 (decimal 233)
   defining Unicode char U+00EA (decimal 234)
   defining Unicode char U+00EB (decimal 235)
   defining Unicode char U+00EC (decimal 236)
   defining Unicode char U+00ED (decimal 237)
   defining Unicode char U+00EE (decimal 238)
   defining Unicode char U+00EF (decimal 239)
   defining Unicode char U+00F0 (decimal 240)
   defining Unicode char U+00F1 (decimal 241)
   defining Unicode char U+00F2 (decimal 242)
   defining Unicode char U+00F3 (decimal 243)
   defining Unicode char U+00F4 (decimal 244)
   defining Unicode char U+00F5 (decimal 245)
   defining Unicode char U+00F6 (decimal 246)
   defining Unicode char U+00F8 (decimal 248)
   defining Unicode char U+00F9 (decimal 249)
   defining Unicode char U+00FA (decimal 250)
   defining Unicode char U+00FB (decimal 251)
   defining Unicode char U+00FC (decimal 252)
   defining Unicode char U+00FD (decimal 253)
   defining Unicode char U+00FE (decimal 254)
   defining Unicode char U+00FF (decimal 255)
   defining Unicode char U+0102 (decimal 258)
   defining Unicode char U+0103 (decimal 259)
   defining Unicode char U+0104 (decimal 260)
   defining Unicode char U+0105 (decimal 261)
   defining Unicode char U+0106 (decimal 262)
   defining Unicode char U+0107 (decimal 263)
   defining Unicode char U+010C (decimal 268)
   defining Unicode char U+010D (decimal 269)
   defining Unicode char U+010E (decimal 270)
   defining Unicode char U+010F (decimal 271)
   defining Unicode char U+0110 (decimal 272)
   defining Unicode char U+0111 (decimal 273)
   defining Unicode char U+0118 (decimal 280)
   defining Unicode char U+0119 (decimal 281)
   defining Unicode char U+011A (decimal 282)
   defining Unicode char U+011B (decimal 283)
   defining Unicode char U+011E (decimal 286)
   defining Unicode char U+011F (decimal 287)
   defining Unicode char U+0130 (decimal 304)
   defining Unicode char U+0131 (decimal 305)
   defining Unicode char U+0132 (decimal 306)
   defining Unicode char U+0133 (decimal 307)
   defining Unicode char U+0139 (decimal 313)
   defining Unicode char U+013A (decimal 314)
   defining Unicode char U+013D (decimal 317)
   defining Unicode char U+013E (decimal 318)
   defining Unicode char U+0141 (decimal 321)
   defining Unicode char U+0142 (decimal 322)
   defining Unicode char U+0143 (decimal 323)
   defining Unicode char U+0144 (decimal 324)
   defining Unicode char U+0147 (decimal 327)
   defining Unicode char U+0148 (decimal 328)
   defining Unicode char U+014A (decimal 330)
   defining Unicode char U+014B (decimal 331)
   defining Unicode char U+0150 (decimal 336)
   defining Unicode char U+0151 (decimal 337)
   defining Unicode char U+0152 (decimal 338)
   defining Unicode char U+0153 (decimal 339)
   defining Unicode char U+0154 (decimal 340)
   defining Unicode char U+0155 (decimal 341)
   defining Unicode char U+0158 (decimal 344)
   defining Unicode char U+0159 (decimal 345)
   defining Unicode char U+015A (decimal 346)
   defining Unicode char U+015B (decimal 347)
   defining Unicode char U+015E (decimal 350)
   defining Unicode char U+015F (decimal 351)
   defining Unicode char U+0160 (decimal 352)
   defining Unicode char U+0161 (decimal 353)
   defining Unicode char U+0162 (decimal 354)
   defining Unicode char U+0163 (decimal 355)
   defining Unicode char U+0164 (decimal 356)
   defining Unicode char U+0165 (decimal 357)
   defining Unicode char U+016E (decimal 366)
   defining Unicode char U+016F (decimal 367)
   defining Unicode char U+0170 (decimal 368)
   defining Unicode char U+0171 (decimal 369)
   defining Unicode char U+0178 (decimal 376)
   defining Unicode char U+0179 (decimal 377)
   defining Unicode char U+017A (decimal 378)
   defining Unicode char U+017B (decimal 379)
   defining Unicode char U+017C (decimal 380)
   defining Unicode char U+017D (decimal 381)
   defining Unicode char U+017E (decimal 382)
   defining Unicode char U+200C (decimal 8204)
   defining Unicode char U+2013 (decimal 8211)
   defining Unicode char U+2014 (decimal 8212)
   defining Unicode char U+2018 (decimal 8216)
   defining Unicode char U+2019 (decimal 8217)
   defining Unicode char U+201A (decimal 8218)
   defining Unicode char U+201C (decimal 8220)
   defining Unicode char U+201D (decimal 8221)
   defining Unicode char U+201E (decimal 8222)
   defining Unicode char U+2030 (decimal 8240)
   defining Unicode char U+2031 (decimal 8241)
   defining Unicode char U+2039 (decimal 8249)
   defining Unicode char U+203A (decimal 8250)
   defining Unicode char U+2423 (decimal 9251)
)
Now handling font encoding OT1 ...
... processing UTF-8 mapping file for font encoding OT1

(/usr/share/texlive/texmf-dist/tex/latex/base/ot1enc.dfu
File: ot1enc.dfu 2008/04/05 v1.1m UTF-8 support for inputenc
   defining Unicode char U+00A1 (decimal 161)
   defining Unicode char U+00A3 (decimal 163)
   defining Unicode char U+00B8 (decimal 184)
   defining Unicode char U+00BF (decimal 191)
   defining Unicode char U+00C5 (decimal 197)
   defining Unicode char U+00C6 (decimal 198)
   defining Unicode char U+00D8 (decimal 216)
   defining Unicode char U+00DF (decimal 223)
   defining Unicode char U+00E6 (decimal 230)
   defining Unicode char U+00EC (decimal 236)
   defining Unicode char U+00ED (decimal 237)
   defining Unicode char U+00EE (decimal 238)
   defining Unicode char U+00EF (decimal 239)
   defining Unicode char U+00F8 (decimal 248)
   defining Unicode char U+0131 (decimal 305)
   defining Unicode char U+0141 (decimal 321)
   defining Unicode char U+0142 (decimal 322)
   defining Unicode char U+0152 (decimal 338)
   defining Unicode char U+0153 (decimal 339)
   defining Unicode char U+2013 (decimal 8211)
   defining Unicode char U+2014 (decimal 8212)
   defining Unicode char U+2018 (decimal 8216)
   defining Unicode char U+2019 (decimal 8217)
   defining Unicode char U+201C (decimal 8220)
   defining Unicode char U+201D (decimal 8221)
)
Now handling font encoding OMS ...
... processing UTF-8 mapping file for font encoding OMS

(/usr/share/texlive/texmf-dist/tex/latex/base/omsenc.dfu
File: omsenc.dfu 2008/04/05 v1.1m UTF-8 support for inputenc
   defining Unicode char U+00A7 (decimal 167)
   defining Unicode char U+00B6 (decimal 182)
   defining Unicode char U+00B7 (decimal 183)
   defining Unicode char U+2020 (decimal 8224)
   defining Unicode char U+2021 (decimal 8225)
   defining Unicode char U+2022 (decimal 8226)
)
Now handling font encoding OMX ...
... no UTF-8 mapping file for font encoding OMX
Now handling font encoding U ...
... no UTF-8 mapping file for font encoding U
   defining Unicode char U+00A9 (decimal 169)
   defining Unicode char U+00AA (decimal 170)
   defining Unicode char U+00AE (decimal 174)
   defining Unicode char U+00BA (decimal 186)
   defining Unicode char U+02C6 (decimal 710)
   defining Unicode char U+02DC (decimal 732)
   defining Unicode char U+200C (decimal 8204)
   defining Unicode char U+2026 (decimal 8230)
   defining Unicode char U+2122 (decimal 8482)
   defining Unicode char U+2423 (decimal 9251)
))
(/usr/share/texlive/texmf-dist/tex/latex/wrapfig/wrapfig.sty
\wrapoverhang=\dimen123
\WF@size=\dimen124
\c@WF@wrappedlines=\count96
\WF@box=\box27
\WF@everypar=\toks19
Package: wrapfig 2003/01/31  v 3.6
)
(/usr/share/texlive/texmf-dist/tex/latex/caption/subcaption.sty
Package: subcaption 2013/02/03 v1.1-62 Sub-captions (AR)

(/usr/share/texlive/texmf-dist/tex/latex/caption/caption.sty
Package: caption 2013/05/02 v3.3-89 Customizing captions (AR)

(/usr/share/texlive/texmf-dist/tex/latex/caption/caption3.sty
Package: caption3 2013/05/02 v1.6-88 caption3 kernel (AR)
Package caption3 Info: TeX engine: e-TeX on input line 57.
\captionmargin=\dimen125
\captionmargin@=\dimen126
\captionwidth=\dimen127
\caption@tempdima=\dimen128
\caption@indent=\dimen129
\caption@parindent=\dimen130
\caption@hangindent=\dimen131
)
\c@ContinuedFloat=\count97
Package caption Info: wrapfig package is loaded.
)
\c@subfigure=\count98
\c@subtable=\count99
)
(/usr/share/texlive/texmf-dist/tex/latex/float/float.sty
Package: float 2001/11/08 v1.3d Float enhancements (AL)
\c@float@type=\count100
\float@exts=\toks20
\float@box=\box28
\@float@everytoks=\toks21
\@floatcapt=\box29
)
(/usr/share/texlive/texmf-dist/tex/latex/amsmath/amsmath.sty
Package: amsmath 2013/01/14 v2.14 AMS math features
\@mathmargin=\skip90

For additional information on amsmath, use the `?' option.
(/usr/share/texlive/texmf-dist/tex/latex/amsmath/amstext.sty
Package: amstext 2000/06/29 v2.01

(/usr/share/texlive/texmf-dist/tex/latex/amsmath/amsgen.sty
File: amsgen.sty 1999/11/30 v2.0
\@emptytoks=\toks22
\ex@=\dimen132
))
(/usr/share/texlive/texmf-dist/tex/latex/amsmath/amsbsy.sty
Package: amsbsy 1999/11/29 v1.2d
\pmbraise@=\dimen133
)
(/usr/share/texlive/texmf-dist/tex/latex/amsmath/amsopn.sty
Package: amsopn 1999/12/14 v2.01 operator names
)
\inf@bad=\count101
LaTeX Info: Redefining \frac on input line 210.
\uproot@=\count102
\leftroot@=\count103
LaTeX Info: Redefining \overline on input line 306.
\classnum@=\count104
\DOTSCASE@=\count105
LaTeX Info: Redefining \ldots on input line 378.
LaTeX Info: Redefining \dots on input line 381.
LaTeX Info: Redefining \cdots on input line 466.
\Mathstrutbox@=\box30
\strutbox@=\box31
\big@size=\dimen134
LaTeX Font Info:    Redeclaring font encoding OML on input line 566.
LaTeX Font Info:    Redeclaring font encoding OMS on input line 567.
\macc@depth=\count106
\c@MaxMatrixCols=\count107
\dotsspace@=\muskip11
\c@parentequation=\count108
\dspbrk@lvl=\count109
\tag@help=\toks23
\row@=\count110
\column@=\count111
\maxfields@=\count112
\andhelp@=\toks24
\eqnshift@=\dimen135
\alignsep@=\dimen136
\tagshift@=\dimen137
\tagwidth@=\dimen138
\totwidth@=\dimen139
\lineht@=\dimen140
\@envbody=\toks25
\multlinegap=\skip91
\multlinetaggap=\skip92
\mathdisplay@stack=\toks26
LaTeX Info: Redefining \[ on input line 2665.
LaTeX Info: Redefining \] on input line 2666.
)
(/usr/share/texlive/texmf-dist/tex/latex/amsfonts/amsfonts.sty
Package: amsfonts 2013/01/14 v3.01 Basic AMSFonts support
\symAMSa=\mathgroup4
\symAMSb=\mathgroup5
LaTeX Font Info:    Overwriting math alphabet `\mathfrak' in version `bold'
(Font)                  U/euf/m/n --> U/euf/b/n on input line 106.
)
(/usr/share/texlive/texmf-dist/tex/latex/sidecap/sidecap.sty
Package: sidecap 2003/06/06 v1.6f SideCap Package (RN/HjG)

(/usr/share/texlive/texmf-dist/tex/latex/base/ifthen.sty
Package: ifthen 2001/05/26 v1.1c Standard LaTeX ifthen package (DPC)
)
\SC@BOXWD=\dimen141
\SC@CAPWD=\dimen142
\SC@tempdima=\dimen143
\SC@tempdimb=\dimen144
\c@SC@C=\count113
\SC@BOX=\box32
)
(/usr/share/texlive/texmf-dist/tex/latex/nomencl/nomencl.sty
Package: nomencl 2005/09/22 v4.2 Nomenclature package (LN)
\nomlabelwidth=\dimen145
\nom@tempdim=\dimen146
\nomitemsep=\skip93
)
\@nomenclaturefile=\write3
\openout3 = `praca.nlo'.


Writing nomenclature file praca.nlo
(/usr/share/texlive/texmf-dist/tex/latex/tools/enumerate.sty
Package: enumerate 1999/03/05 v3.00 enumerate extensions (DPC)
\@enLab=\toks27
)
(/usr/share/texlive/texmf-dist/tex/latex/listings/listings.sty
\lst@mode=\count114
\lst@gtempboxa=\box33
\lst@token=\toks28
\lst@length=\count115
\lst@currlwidth=\dimen147
\lst@column=\count116
\lst@pos=\count117
\lst@lostspace=\dimen148
\lst@width=\dimen149
\lst@newlines=\count118
\lst@lineno=\count119
\lst@maxwidth=\dimen150

(/usr/share/texlive/texmf-dist/tex/latex/listings/lstmisc.sty
File: lstmisc.sty 2013/07/10 1.5 (Carsten Heinz)
\c@lstnumber=\count120
\lst@skipnumbers=\count121
\lst@framebox=\box34
)
(/usr/share/texlive/texmf-dist/tex/latex/listings/listings.cfg
File: listings.cfg 2013/06/27 1.5pre1 listings configuration
))
Package: listings 2013/07/10 1.5 (Carsten Heinz)

(/usr/share/texlive/texmf-dist/tex/latex/listings/lstlang1.sty
File: lstlang1.sty 2013/06/27 1.5pre1 listings language file
)
(/usr/share/texlive/texmf-dist/tex/latex/listings/lstlang2.sty
File: lstlang2.sty 2013/06/27 1.5pre1 listings language file
)
(/usr/share/texlive/texmf-dist/tex/latex/listings/lstlang3.sty
File: lstlang3.sty 2013/06/27 1.5pre1 listings language file
)

LaTeX Warning: Unused global option(s):
    [pdflatex,11pt].

(./praca.aux (./wstep.aux) (./rozdzial1.aux) (./rozdzial2.aux

LaTeX Warning: Label `fig:rezo-siat-H' multiply defined.

) (./rozdzial3.aux) (./rozdzial4.aux))
\openout1 = `praca.aux'.

LaTeX Font Info:    Checking defaults for OML/cmm/m/it on input line 87.
LaTeX Font Info:    ... okay on input line 87.
LaTeX Font Info:    Checking defaults for T1/cmr/m/n on input line 87.
LaTeX Font Info:    ... okay on input line 87.
LaTeX Font Info:    Checking defaults for OT1/cmr/m/n on input line 87.
LaTeX Font Info:    ... okay on input line 87.
LaTeX Font Info:    Checking defaults for OMS/cmsy/m/n on input line 87.
LaTeX Font Info:    ... okay on input line 87.
LaTeX Font Info:    Checking defaults for OMX/cmex/m/n on input line 87.
LaTeX Font Info:    ... okay on input line 87.
LaTeX Font Info:    Checking defaults for U/cmr/m/n on input line 87.
LaTeX Font Info:    ... okay on input line 87.
LaTeX Font Info:    Try loading font information for T1+ptm on input line 87.

(/usr/share/texlive/texmf-dist/tex/latex/psnfss/t1ptm.fd
File: t1ptm.fd 2001/06/04 font definitions for T1/ptm.
)
(/usr/share/texlive/texmf-dist/tex/context/base/supp-pdf.mkii
[Loading MPS to PDF converter (version 2006.09.02).]
\scratchcounter=\count122
\scratchdimen=\dimen151
\scratchbox=\box35
\nofMPsegments=\count123
\nofMParguments=\count124
\everyMPshowfont=\toks29
\MPscratchCnt=\count125
\MPscratchDim=\dimen152
\MPnumerator=\count126
\makeMPintoPDFobject=\count127
\everyMPtoPDFconversion=\toks30
) (/usr/share/texlive/texmf-dist/tex/generic/oberdiek/pdftexcmds.sty
Package: pdftexcmds 2011/11/29 v0.20 Utility functions of pdfTeX for LuaTeX (HO
)

(/usr/share/texlive/texmf-dist/tex/generic/oberdiek/ifluatex.sty
Package: ifluatex 2010/03/01 v1.3 Provides the ifluatex switch (HO)
Package ifluatex Info: LuaTeX not detected.
)
Package pdftexcmds Info: LuaTeX not detected.
Package pdftexcmds Info: \pdf@primitive is available.
Package pdftexcmds Info: \pdf@ifprimitive is available.
Package pdftexcmds Info: \pdfdraftmode found.
)
(/usr/share/texlive/texmf-dist/tex/latex/oberdiek/epstopdf-base.sty
Package: epstopdf-base 2010/02/09 v2.5 Base part for package epstopdf

(/usr/share/texlive/texmf-dist/tex/latex/oberdiek/grfext.sty
Package: grfext 2010/08/19 v1.1 Manage graphics extensions (HO)

(/usr/share/texlive/texmf-dist/tex/generic/oberdiek/kvdefinekeys.sty
Package: kvdefinekeys 2011/04/07 v1.3 Define keys (HO)
))
(/usr/share/texlive/texmf-dist/tex/latex/oberdiek/kvoptions.sty
Package: kvoptions 2011/06/30 v3.11 Key value format for package options (HO)

(/usr/share/texlive/texmf-dist/tex/generic/oberdiek/kvsetkeys.sty
Package: kvsetkeys 2012/04/25 v1.16 Key value parser (HO)

(/usr/share/texlive/texmf-dist/tex/generic/oberdiek/etexcmds.sty
Package: etexcmds 2011/02/16 v1.5 Avoid name clashes with e-TeX commands (HO)
Package etexcmds Info: Could not find \expanded.
(etexcmds)             That can mean that you are not using pdfTeX 1.50 or
(etexcmds)             that some package has redefined \expanded.
(etexcmds)             In the latter case, load this package earlier.
)))
Package grfext Info: Graphics extension search list:
(grfext)             [.png,.pdf,.jpg,.mps,.jpeg,.jbig2,.jb2,.PNG,.PDF,.JPG,.JPE
G,.JBIG2,.JB2,.eps]
(grfext)             \AppendGraphicsExtensions on input line 452.

(/usr/share/texlive/texmf-dist/tex/latex/latexconfig/epstopdf-sys.cfg
File: epstopdf-sys.cfg 2010/07/13 v1.3 Configuration of (r)epstopdf for TeX Liv
e
))
*geometry* driver: auto-detecting
*geometry* detected driver: pdftex
*geometry* verbose mode - [ preamble ] result:
* driver: pdftex
* paper: <default>
* layout: <same size as paper>
* layoutoffset:(h,v)=(0.0pt,0.0pt)
* modes: twoside 
* h-part:(L,W,R)=(85.35826pt, 358.50473pt, 56.9055pt)
* v-part:(T,H,B)=(71.13188pt, 569.05513pt, 71.13188pt)
* \paperwidth=500.7685pt
* \paperheight=711.3189pt
* \textwidth=358.50473pt
* \textheight=569.05513pt
* \oddsidemargin=13.08827pt
* \evensidemargin=-15.36449pt
* \topmargin=-49.46465pt
* \headheight=28.45274pt
* \headsep=19.8738pt
* \topskip=11.0pt
* \footskip=28.45274pt
* \marginparwidth=50.0pt
* \marginparsep=7.0pt
* \columnsep=10.0pt
* \skip\footins=10.0pt plus 4.0pt minus 2.0pt
* \hoffset=0.0pt
* \voffset=0.0pt
* \mag=1000
* \@twocolumnfalse
* \@twosidetrue
* \@mparswitchtrue
* \@reversemarginfalse
* (1in=72.27pt=25.4mm, 1cm=28.453pt)

Package caption Info: Begin \AtBeginDocument code.
Package caption Info: float package is loaded.
Package caption Info: listings package is loaded.
Package caption Info: sidecap package is loaded.
Package caption Info: End \AtBeginDocument code.
(/usr/share/texlive/texmf-dist/tex/latex/ms/ragged2e.sty
Package: ragged2e 2009/05/21 v2.1 ragged2e Package (MS)

(/usr/share/texlive/texmf-dist/tex/latex/ms/everysel.sty
Package: everysel 2011/10/28 v1.2 EverySelectfont Package (MS)

ABD: EverySelectfont initializing macros

LaTeX Warning: Command \selectfont   has changed.
               Check if current package is valid.

LaTeX Info: Redefining \selectfont on input line 126.
)
\CenteringLeftskip=\skip94
\RaggedLeftLeftskip=\skip95
\RaggedRightLeftskip=\skip96
\CenteringRightskip=\skip97
\RaggedLeftRightskip=\skip98
\RaggedRightRightskip=\skip99
\CenteringParfillskip=\skip100
\RaggedLeftParfillskip=\skip101
\RaggedRightParfillskip=\skip102
\JustifyingParfillskip=\skip103
\CenteringParindent=\skip104
\RaggedLeftParindent=\skip105
\RaggedRightParindent=\skip106
\JustifyingParindent=\skip107
)
\c@lstlisting=\count128
LaTeX Font Info:    Try loading font information for T1+phv on input line 90.
 (/usr/share/texlive/texmf-dist/tex/latex/psnfss/t1phv.fd
File: t1phv.fd 2001/06/04 scalable font definitions for T1/phv.
)
LaTeX Font Info:    Font shape `T1/phv/bx/n' in size <14.4> not available
(Font)              Font shape `T1/phv/b/n' tried instead on input line 90.
LaTeX Font Info:    Font shape `T1/phv/bx/sc' in size <14.4> not available
(Font)              Font shape `T1/phv/b/sc' tried instead on input line 90.

<images/logo/logo-uw-pl.jpg, id=1, 223.83624pt x 223.83624pt>
File: images/logo/logo-uw-pl.jpg Graphic file (type jpg)

<use images/logo/logo-uw-pl.jpg>
Package pdftex.def Info: images/logo/logo-uw-pl.jpg used on input line 90.
(pdftex.def)             Requested size: 67.15138pt x 67.15138pt.
LaTeX Font Info:    Font shape `T1/ptm/bx/n' in size <17.28> not available
(Font)              Font shape `T1/ptm/b/n' tried instead on input line 90.
LaTeX Font Info:    Font shape `T1/ptm/bx/sc' in size <17.28> not available
(Font)              Font shape `T1/ptm/b/sc' tried instead on input line 90.
LaTeX Font Info:    Try loading font information for U+msa on input line 90.

(/usr/share/texlive/texmf-dist/tex/latex/amsfonts/umsa.fd
File: umsa.fd 2013/01/14 v3.01 AMS symbols A
)
LaTeX Font Info:    Try loading font information for U+msb on input line 90.

(/usr/share/texlive/texmf-dist/tex/latex/amsfonts/umsb.fd
File: umsb.fd 2013/01/14 v3.01 AMS symbols B
) [1



{/var/lib/texmf/fonts/map/pdftex/updmap/pdftex.map} <./images/logo/logo-uw-pl.j
pg>]
LaTeX Font Info:    Font shape `T1/ptm/bx/n' in size <10.95> not available
(Font)              Font shape `T1/ptm/b/n' tried instead on input line 90.
 [2


]
LaTeX Font Info:    Font shape `T1/ptm/bx/sc' in size <12> not available
(Font)              Font shape `T1/ptm/b/sc' tried instead on input line 90.

Underfull \hbox (badness 10000) in paragraph at lines 90--90

 []

[1] [2] <images/logo/logo-uw-en.jpg, id=21, 215.80624pt x 215.80624pt>
File: images/logo/logo-uw-en.jpg Graphic file (type jpg)

<use images/logo/logo-uw-en.jpg>
Package pdftex.def Info: images/logo/logo-uw-en.jpg used on input line 90.
(pdftex.def)             Requested size: 64.74237pt x 64.74237pt.
 [1


 <./images/logo/logo-uw-en.jpg>] [2


]
[1]
LaTeX Font Info:    Font shape `T1/ptm/bx/n' in size <14.4> not available
(Font)              Font shape `T1/ptm/b/n' tried instead on input line 92.
 (./praca.toc
Underfull \vbox (badness 6032) has occurred while \output is active []

 [5

])
\tf@toc=\write4
\openout4 = `praca.toc'.


[6]
\openout2 = `wstep.aux'.

 (./wstep.tex
Rozdzia\l  1.
LaTeX Font Info:    Font shape `T1/ptm/bx/n' in size <20.74> not available
(Font)              Font shape `T1/ptm/b/n' tried instead on input line 1.
LaTeX Font Info:    Font shape `T1/ptm/bx/n' in size <24.88> not available
(Font)              Font shape `T1/ptm/b/n' tried instead on input line 1.
) [1




]
\openout2 = `rozdzial1.aux'.

 (./rozdzial1.tex
Rozdzia\l  2.
[2



]
LaTeX Font Info:    Font shape `T1/ptm/bx/n' in size <12> not available
(Font)              Font shape `T1/ptm/b/n' tried instead on input line 3.
 (./subart/tmm.tex <images/tmm.png, id=45, 341.77687pt x 158.09062pt>
File: images/tmm.png Graphic file (type png)

<use images/tmm.png>
Package pdftex.def Info: images/tmm.png used on input line 19.
(pdftex.def)             Requested size: 215.10503pt x 99.4987pt.

Underfull \hbox (badness 1902) in paragraph at lines 22--22
\T1/ptm/m/n/10.95 wo-wego elemntu w sy-mu-la-
 []


Underfull \hbox (badness 1205) in paragraph at lines 22--22
\T1/ptm/m/n/10.95 cjach me-tod¡ TMM, wraz z
 []

[3] [4 <./images/tmm.png>]) (./subart/fdtd/fdtd.tex [5]
<subart/fdtd/leapfrog.png, id=66, 639.38875pt x 439.6425pt>
File: subart/fdtd/leapfrog.png Graphic file (type png)

<use subart/fdtd/leapfrog.png>
Package pdftex.def Info: subart/fdtd/leapfrog.png used on input line 31.
(pdftex.def)             Requested size: 322.65205pt x 221.85335pt.


Package caption Warning: \label without proper \caption on input line 32.
See the caption package documentation for explanation.


LaTeX Warning: Reference `pic:leapfrog' on page 6 undefined on input line 47.

[6] [7 <./subart/fdtd/leapfrog.png (PNG copy)>] [8] [9]
<images/wstep/SUM-nopml-energy.png, id=80, 341.275pt x 341.275pt>
File: images/wstep/SUM-nopml-energy.png Graphic file (type png)

<use images/wstep/SUM-nopml-energy.png>
Package pdftex.def Info: images/wstep/SUM-nopml-energy.png used on input line 7
3.
(pdftex.def)             Requested size: 161.32602pt x 161.32619pt.

<images/wstep/SUM-pml-energy.png, id=81, 341.275pt x 341.275pt>
File: images/wstep/SUM-pml-energy.png Graphic file (type png)

<use images/wstep/SUM-pml-energy.png>
Package pdftex.def Info: images/wstep/SUM-pml-energy.png used on input line 78.

(pdftex.def)             Requested size: 161.32602pt x 161.32619pt.
 [10]
Underfull \vbox (badness 10000) has occurred while \output is active []

 [11 <./images/wstep/SUM-nopml-energy.png (PNG copy)> <./images/wstep/SUM-pml-e
nergy.png (PNG copy)>] [12] <subart/fdtd/R5_TFSF.png, id=92, 522.0303pt x 234.1
548pt>
File: subart/fdtd/R5_TFSF.png Graphic file (type png)

<use subart/fdtd/R5_TFSF.png>
Package pdftex.def Info: subart/fdtd/R5_TFSF.png used on input line 122.
(pdftex.def)             Requested size: 358.50473pt x 160.8131pt.
 [13 <./subart/fdtd/R5_TFSF.png (PNG copy)>])
(./subart/linear-systems.tex [14] [15]
Underfull \vbox (badness 10000) has occurred while \output is active []

 [16])
[17] (./subart/materials/visible-materials.tex [18] [19])
(./subart/effmedium.tex [20])) [21]
\openout2 = `rozdzial2.aux'.

 (./rozdzial2.tex
Rozdzia\l  3.
[22



] (./subart/thz/thz-start.tex
Underfull \hbox (badness 1087) in paragraph at lines 1--2
[]\T1/ptm/m/n/10.95 Poni»szy roz-dziaª do-ty-czy wy-ko-rzy-sta-nia sia-tek dy-f
rak-cyj-nych jako ele-
 []

) (./subart/thz/thz-mat.tex
Underfull \vbox (badness 10000) has occurred while \output is active []

 [23]
<images/aueps.png, id=128, 578.16pt x 433.62pt>
File: images/aueps.png Graphic file (type png)
 <use images/aueps.png>
Package pdftex.def Info: images/aueps.png used on input line 17.
(pdftex.def)             Requested size: 161.32602pt x 120.9893pt.

<images/gaaseps.png, id=129, 578.16pt x 433.62pt>
File: images/gaaseps.png Graphic file (type png)
 <use images/gaaseps.png>
Package pdftex.def Info: images/gaaseps.png used on input line 22.
(pdftex.def)             Requested size: 161.32602pt x 120.9893pt.

[24]) (./subart/thz/rezo-grating.tex
<images/thz/schemat-1szczelina.png, id=133, 472.76625pt x 112.92188pt>
File: images/thz/schemat-1szczelina.png Graphic file (type png)

<use images/thz/schemat-1szczelina.png>
Package pdftex.def Info: images/thz/schemat-1szczelina.png used on input line 6
.
(pdftex.def)             Requested size: 322.65205pt x 77.06842pt.
 [25 <./images/aueps.png> <./images/gaaseps.png>] <images/thz/schemat-siatka.pn
g, id=141, 540.51938pt x 251.43938pt>
File: images/thz/schemat-siatka.png Graphic file (type png)

<use images/thz/schemat-siatka.png>
Package pdftex.def Info: images/thz/schemat-siatka.png used on input line 12.
(pdftex.def)             Requested size: 250.95221pt x 116.73776pt.

Underfull \hbox (badness 2941) in paragraph at lines 15--15
\T1/ptm/m/n/10.95 ko-rzy-sty-wa-nej w sy-
 []


Underfull \vbox (badness 2941) has occurred while \output is active []

 [26 <./images/thz/schemat-1szczelina.png> <./images/thz/schemat-siatka.png>]
<images/antenaThz/rezonant_trans_f001.png, id=147, 728.7225pt x 499.8675pt>
File: images/antenaThz/rezonant_trans_f001.png Graphic file (type png)

<use images/antenaThz/rezonant_trans_f001.png>
Package pdftex.def Info: images/antenaThz/rezonant_trans_f001.png used on input
 line 35.
(pdftex.def)             Requested size: 161.32602pt x 110.65764pt.

<images/antenaThz/rezonant_trans_f01.png, id=148, 737.75626pt x 491.8375pt>
File: images/antenaThz/rezonant_trans_f01.png Graphic file (type png)

<use images/antenaThz/rezonant_trans_f01.png>
Package pdftex.def Info: images/antenaThz/rezonant_trans_f01.png used on input 
line 40.
(pdftex.def)             Requested size: 161.32602pt x 107.54416pt.

<images/antenaThz/rezonant_trans_f05.png, id=149, 717.68124pt x 483.8075pt>
File: images/antenaThz/rezonant_trans_f05.png Graphic file (type png)

<use images/antenaThz/rezonant_trans_f05.png>
Package pdftex.def Info: images/antenaThz/rezonant_trans_f05.png used on input 
line 46.
(pdftex.def)             Requested size: 161.32602pt x 108.74863pt.

<images/antenaThz/rez_trans_L.png, id=150, 736.7525pt x 472.76625pt>
File: images/antenaThz/rez_trans_L.png Graphic file (type png)

<use images/antenaThz/rez_trans_L.png>
Package pdftex.def Info: images/antenaThz/rez_trans_L.png used on input line 51
.
(pdftex.def)             Requested size: 161.32602pt x 103.51836pt.
 [27]
Underfull \vbox (badness 10000) has occurred while \output is active []

 [28 <./images/antenaThz/rezonant_trans_f001.png> <./images/antenaThz/rezonant_
trans_f01.png> <./images/antenaThz/rezonant_trans_f05.png> <./images/antenaThz/
rez_trans_L.png>] <images/thz/con_src_l525.png, id=158, 746.79pt x 271.0125pt>
File: images/thz/con_src_l525.png Graphic file (type png)

<use images/thz/con_src_l525.png>
Package pdftex.def Info: images/thz/con_src_l525.png used on input line 66.
(pdftex.def)             Requested size: 161.32602pt x 58.54361pt.

<images/thz/con_src_l500.png, id=159, 746.79pt x 276.03125pt>
File: images/thz/con_src_l500.png Graphic file (type png)

<use images/thz/con_src_l500.png>
Package pdftex.def Info: images/thz/con_src_l500.png used on input line 71.
(pdftex.def)             Requested size: 161.32602pt x 59.62775pt.
) (./subart/thz/antenaThz.tex
<images/thz/schemat-podklad-falo.png, id=160, 566.115pt x 156.585pt>
File: images/thz/schemat-podklad-falo.png Graphic file (type png)

<use images/thz/schemat-podklad-falo.png>
Package pdftex.def Info: images/thz/schemat-podklad-falo.png used on input line
 6.
(pdftex.def)             Requested size: 358.50473pt x 99.16277pt.
 [29 <./images/thz/con_src_l525.png (PNG copy)> <./images/thz/con_src_l500.png 
(PNG copy)>]

LaTeX Warning: Reference `waveguide-tm' on page 30 undefined on input line 33.

[30 <./images/thz/schemat-podklad-falo.png>] [31]
<images/thz/gaas-neffeps.png, id=171, 397.485pt x 299.1175pt>
File: images/thz/gaas-neffeps.png Graphic file (type png)

<use images/thz/gaas-neffeps.png>
Package pdftex.def Info: images/thz/gaas-neffeps.png used on input line 68.
(pdftex.def)             Requested size: 179.25237pt x 134.89372pt.

<images/antenaThz/d_lambda.png, id=172, 359.3425pt x 338.26375pt>
File: images/antenaThz/d_lambda.png Graphic file (type png)

<use images/antenaThz/d_lambda.png>
Package pdftex.def Info: images/antenaThz/d_lambda.png used on input line 73.
(pdftex.def)             Requested size: 179.25237pt x 168.73918pt.

Overfull \hbox (2.0805pt too wide) in paragraph at lines 67--77
[]$[]$ $[]$ 
 []

[32 <./images/thz/gaas-neffeps.png> <./images/antenaThz/d_lambda.png>]
<images/thz/consrc_siatka1d_300GHz_d729um.png, id=176, 1147.28625pt x 79.29625p
t>
File: images/thz/consrc_siatka1d_300GHz_d729um.png Graphic file (type png)
 <use images/thz/consrc_siatka1d_300GHz_d729um.png>
Package pdftex.def Info: images/thz/consrc_siatka1d_300GHz_d729um.png used on i
nput line 85.
(pdftex.def)             Requested size: 358.50473pt x 24.77759pt.

<images/antenaThz/tort.png, id=177, 1096.095pt x 607.26875pt>
File: images/antenaThz/tort.png Graphic file (type png)

<use images/antenaThz/tort.png>
Package pdftex.def Info: images/antenaThz/tort.png used on input line 91.
(pdftex.def)             Requested size: 358.50473pt x 198.6202pt.
) (./subart/thz/1dDMG.tex
Underfull \vbox (badness 10000) has occurred while \output is active []

 [33 <./images/thz/consrc_siatka1d_300GHz_d729um.png>]
<images/dmg/dmg_general_schem.png, id=181, 489.32813pt x 158.09062pt>
File: images/dmg/dmg_general_schem.png Graphic file (type png)

<use images/dmg/dmg_general_schem.png>
Package pdftex.def Info: images/dmg/dmg_general_schem.png used on input line 4.

(pdftex.def)             Requested size: 358.50473pt x 115.82733pt.

Underfull \vbox (badness 2772) has occurred while \output is active []

 [34 <./images/antenaThz/tort.png>] [35 <./images/dmg/dmg_general_schem.png>]
<images/thz/1D-DMG-schemat.png, id=190, 455.7025pt x 169.63374pt>
File: images/thz/1D-DMG-schemat.png Graphic file (type png)

<use images/thz/1D-DMG-schemat.png>
Package pdftex.def Info: images/thz/1D-DMG-schemat.png used on input line 16.
(pdftex.def)             Requested size: 358.50473pt x 133.45526pt.

<images/thz/opt_lett_gora.png, id=191, 480.79625pt x 246.9225pt>
File: images/thz/opt_lett_gora.png Graphic file (type png)

<use images/thz/opt_lett_gora.png>
Package pdftex.def Info: images/thz/opt_lett_gora.png used on input line 27.
(pdftex.def)             Requested size: 358.50473pt x 184.12137pt.

<images/thz/opt_letters_dol.png, id=192, 484.81125pt x 248.93pt>
File: images/thz/opt_letters_dol.png Graphic file (type png)

<use images/thz/opt_letters_dol.png>
Package pdftex.def Info: images/thz/opt_letters_dol.png used on input line 33.
(pdftex.def)             Requested size: 358.50473pt x 184.08755pt.
 [36 <./images/thz/1D-DMG-schemat.png (PNG copy)>] [37 <./images/thz/opt_lett_g
ora.png (PNG copy)>]
<images/thz/opt_lett_spect.png, id=199, 480.79625pt x 315.1775pt>
File: images/thz/opt_lett_spect.png Graphic file (type png)

<use images/thz/opt_lett_spect.png>
Package pdftex.def Info: images/thz/opt_lett_spect.png used on input line 50.
(pdftex.def)             Requested size: 179.25237pt x 117.50836pt.

Underfull \hbox (badness 7047) in paragraph at lines 53--53
\T1/ptm/m/n/10.95 trans-mi-sji przez oma-wian¡ struk-tur¦
 []


LaTeX Warning: Reference `fig:trans_dol' on page 38 undefined on input line 55.


[38 <./images/thz/opt_letters_dol.png (PNG copy)> <./images/thz/opt_lett_spect.
png>] [39] <images/dmg/kontrast_maps.png, id=206, 1131.22626pt x 765.86125pt>
File: images/dmg/kontrast_maps.png Graphic file (type png)

<use images/dmg/kontrast_maps.png>
Package pdftex.def Info: images/dmg/kontrast_maps.png used on input line 84.
(pdftex.def)             Requested size: 358.50473pt x 242.70833pt.
 [40 <./images/dmg/kontrast_maps.png>])
(./subart/thz/radial.tex
<images/dmg/express_siatki.png, id=211, 418.56375pt x 270.00874pt>
File: images/dmg/express_siatki.png Graphic file (type png)

<use images/dmg/express_siatki.png>
Package pdftex.def Info: images/dmg/express_siatki.png used on input line 2.
(pdftex.def)             Requested size: 358.50473pt x 231.26363pt.
 [41 <./images/dmg/express_siatki.png>]
<images/dmg/express-high-kontrast-trans.png, id=216, 457.71pt x 151.56625pt>
File: images/dmg/express-high-kontrast-trans.png Graphic file (type png)

<use images/dmg/express-high-kontrast-trans.png>
Package pdftex.def Info: images/dmg/express-high-kontrast-trans.png used on inp
ut line 15.
(pdftex.def)             Requested size: 358.50473pt x 118.72073pt.

<images/dmg/express-high-kontrast-block.png, id=217, 457.71pt x 151.56625pt>
File: images/dmg/express-high-kontrast-block.png Graphic file (type png)

<use images/dmg/express-high-kontrast-block.png>
Package pdftex.def Info: images/dmg/express-high-kontrast-block.png used on inp
ut line 20.
(pdftex.def)             Requested size: 358.50473pt x 118.72073pt.
)) [42] [43 <./images/dmg/express-high-kontrast-trans.png> <./images/dmg/expres
s-high-kontrast-block.png>]
\openout2 = `rozdzial3.aux'.


(./rozdzial3.tex
Rozdzia\l  4.
[44



] (./subart/pml/pml-start.tex) (./subart/pml/wyprowadzenie.tex [45]

Package amsmath Warning: Foreign command \atopwithdelims;
(amsmath)                \frac or \genfrac should be used instead
(amsmath)                 on input line 16.

[46] <images/pml/real-x.png, id=236, 578.16pt x 433.62pt>
File: images/pml/real-x.png Graphic file (type png)

<use images/pml/real-x.png>
Package pdftex.def Info: images/pml/real-x.png used on input line 41.
(pdftex.def)             Requested size: 161.32602pt x 120.9893pt.

<images/pml/real-x-wave.png, id=237, 578.16pt x 433.62pt>
File: images/pml/real-x-wave.png Graphic file (type png)

<use images/pml/real-x-wave.png>
Package pdftex.def Info: images/pml/real-x-wave.png used on input line 45.
(pdftex.def)             Requested size: 161.32602pt x 120.9893pt.

<images/pml/complex-x.png, id=238, 578.16pt x 433.62pt>
File: images/pml/complex-x.png Graphic file (type png)

<use images/pml/complex-x.png>
Package pdftex.def Info: images/pml/complex-x.png used on input line 51.
(pdftex.def)             Requested size: 161.32602pt x 120.9893pt.

<images/pml/complex-x-wave.png, id=239, 578.16pt x 433.62pt>
File: images/pml/complex-x-wave.png Graphic file (type png)

<use images/pml/complex-x-wave.png>
Package pdftex.def Info: images/pml/complex-x-wave.png used on input line 56.
(pdftex.def)             Requested size: 161.32602pt x 120.9893pt.
 [47]
Underfull \vbox (badness 10000) has occurred while \output is active []

 [48 <./images/pml/real-x.png> <./images/pml/real-x-wave.png> <./images/pml/com
plex-x.png> <./images/pml/complex-x-wave.png>] [49]) (./subart/pml/pml-oqe.tex
<images/pml/oqe_schemat.png, id=256, 1069.9975pt x 461.725pt>
File: images/pml/oqe_schemat.png Graphic file (type png)

<use images/pml/oqe_schemat.png>
Package pdftex.def Info: images/pml/oqe_schemat.png used on input line 2.
(pdftex.def)             Requested size: 358.50473pt x 154.70172pt.
 [50 <./images/pml/oqe_schemat.png>]
<images/pml/oqe_materials.png, id=260, 1210.5225pt x 882.29625pt>
File: images/pml/oqe_materials.png Graphic file (type png)

<use images/pml/oqe_materials.png>
Package pdftex.def Info: images/pml/oqe_materials.png used on input line 39.
(pdftex.def)             Requested size: 358.50473pt x 261.29831pt.

Underfull \hbox (badness 1789) in paragraph at lines 40--40
[]\T1/ptm/m/n/10.95 Rysunek 4.3: |Za-le»-no±¢ prze-ni-kal-no-±ci elek-trycz-nej
 ma-te-ria-ªów two-rz¡-cych
 []


LaTeX Warning: Reference `oqe5' on page 51 undefined on input line 44.

[51] <images/pml/fig3.png, id=264, 976.64874pt x 365.365pt>
File: images/pml/fig3.png Graphic file (type png)

<use images/pml/fig3.png>
Package pdftex.def Info: images/pml/fig3.png used on input line 49.
(pdftex.def)             Requested size: 358.50473pt x 134.1181pt.
 [52 <./images/pml/oqe_materials.png>]
<images/pml/fig4.png, id=269, 504.88625pt x 376.40625pt>
File: images/pml/fig4.png Graphic file (type png)

<use images/pml/fig4.png>
Package pdftex.def Info: images/pml/fig4.png used on input line 59.
(pdftex.def)             Requested size: 215.10503pt x 160.3697pt.

Underfull \hbox (badness 3271) in paragraph at lines 62--62
[][]\T1/ptm/m/n/10.95 : |Za-le»-no±¢ cz¦-
 []


Underfull \hbox (badness 1057) in paragraph at lines 62--62
\T1/ptm/m/n/10.95 ªów $\OML/cmm/m/it/10.95 ^^V[]$\T1/ptm/m/n/10.95 , od cz¦-±ci
 uro-jo-nej
 []


Underfull \hbox (badness 1314) in paragraph at lines 62--62
\T1/ptm/m/n/10.95 nika wy-peª-nie-nia $\OML/cmm/m/it/10.95 f$ \T1/ptm/m/n/10.95
 w przy-
 []

[53 <./images/pml/fig3.png>]
<images/pml/fig5.png, id=273, 987.69pt x 727.71875pt>
File: images/pml/fig5.png Graphic file (type png)

<use images/pml/fig5.png>
Package pdftex.def Info: images/pml/fig5.png used on input line 68.
(pdftex.def)             Requested size: 358.50473pt x 264.13274pt.
 [54 <./images/pml/fig4.png>]
<images/pml/nacl.png, id=277, 578.16pt x 433.62pt>
File: images/pml/nacl.png Graphic file (type png)
 <use images/pml/nacl.png>
Package pdftex.def Info: images/pml/nacl.png used on input line 80.
(pdftex.def)             Requested size: 161.32602pt x 120.9893pt.

<images/pml/sio2.png, id=278, 578.16pt x 433.62pt>
File: images/pml/sio2.png Graphic file (type png)
 <use images/pml/sio2.png>
Package pdftex.def Info: images/pml/sio2.png used on input line 84.
(pdftex.def)             Requested size: 161.32602pt x 120.9893pt.

Underfull \vbox (badness 10000) has occurred while \output is active []

 [55 <./images/pml/fig5.png>]
<images/pml/effepsilon-nacl-sio2.png, id=282, 578.16pt x 433.62pt>
File: images/pml/effepsilon-nacl-sio2.png Graphic file (type png)

<use images/pml/effepsilon-nacl-sio2.png>
Package pdftex.def Info: images/pml/effepsilon-nacl-sio2.png used on input line
 94.
(pdftex.def)             Requested size: 215.10503pt x 161.3235pt.

Underfull \hbox (badness 10000) in paragraph at lines 97--97
[][]\T1/ptm/m/n/10.95 : |Wspóª-czyn-niki
 []


Underfull \hbox (badness 1014) in paragraph at lines 97--97
\T1/ptm/m/n/10.95 do-wa-nej z $\OML/cmm/m/it/10.95 SiO[]$ \T1/ptm/m/n/10.95 i $
\OML/cmm/m/it/10.95 NaCl$\T1/ptm/m/n/10.95 , o
 []


Underfull \hbox (badness 10000) in paragraph at lines 97--97
\T1/ptm/m/n/10.95 wspóª-czyn-niku wy-peª-nie-nia
 []

<images/pml/oqe_trans_refl.png, id=283, 727.71875pt x 515.9275pt>
File: images/pml/oqe_trans_refl.png Graphic file (type png)

<use images/pml/oqe_trans_refl.png>
Package pdftex.def Info: images/pml/oqe_trans_refl.png used on input line 103.
(pdftex.def)             Requested size: 215.10503pt x 152.50432pt.

<images/pml/oqe_coreshell.png, id=284, 1023.825pt x 697.60625pt>
File: images/pml/oqe_coreshell.png Graphic file (type png)

<use images/pml/oqe_coreshell.png>
Package pdftex.def Info: images/pml/oqe_coreshell.png used on input line 109.
(pdftex.def)             Requested size: 358.50473pt x 244.27228pt.
)) [56 <./images/pml/nacl.png> <./images/pml/sio2.png> <./images/pml/effepsilon
-nacl-sio2.png>] [57 <./images/pml/oqe_trans_refl.png> <./images/pml/oqe_coresh
ell.png>]
\openout2 = `rozdzial4.aux'.

 (./rozdzial4.tex
Rozdzia\l  5.
[58



] (./subart/multilay/rozdzial4-start.tex [59]) (./subart/multilay/vismat.tex [6
0] <images/agn.png, id=304, 578.16pt x 433.62pt>
File: images/agn.png Graphic file (type png)
 <use images/agn.png>
Package pdftex.def Info: images/agn.png used on input line 4.
(pdftex.def)             Requested size: 358.50473pt x 268.8747pt.

Underfull \vbox (badness 5862) has occurred while \output is active []

 [61 <./images/agn.png>] <images/sio2n.png, id=309, 578.16pt x 433.62pt>
File: images/sio2n.png Graphic file (type png)

<use images/sio2n.png>
Package pdftex.def Info: images/sio2n.png used on input line 11.
(pdftex.def)             Requested size: 358.50473pt x 268.8747pt.

Underfull \vbox (badness 2469) has occurred while \output is active []

 [62 <./images/sio2n.png>] <images/agtio2eps.png, id=314, 578.16pt x 433.62pt>
File: images/agtio2eps.png Graphic file (type png)

<use images/agtio2eps.png>
Package pdftex.def Info: images/agtio2eps.png used on input line 20.
(pdftex.def)             Requested size: 358.50473pt x 268.8747pt.

Underfull \vbox (badness 7468) has occurred while \output is active []

 [63 <./images/agtio2eps.png>])
Underfull \hbox (badness 4048) in paragraph at lines 5--5
 |\T1/ptm/b/n/14.4 5.2. Wie-lo-war-stwy z bez-dy-fr-ka-cy-cyjn¡ pro-pa-ga-cja
 []

(./subart/multilay/nondiff.tex
<images/multilayer/multilayer-3d.png, id=319, 539.01375pt x 562.1pt>
File: images/multilayer/multilayer-3d.png Graphic file (type png)

<use images/multilayer/multilayer-3d.png>
Package pdftex.def Info: images/multilayer/multilayer-3d.png used on input line
 3.
(pdftex.def)             Requested size: 179.25237pt x 186.92592pt.
 [64 <./images/multilayer/multilayer-3d.png (PNG copy)>]
<images/multilayer/agtio2-effective.png, id=324, 586.8324pt x 442.2924pt>
File: images/multilayer/agtio2-effective.png Graphic file (type png)

<use images/multilayer/agtio2-effective.png>
Package pdftex.def Info: images/multilayer/agtio2-effective.png used on input l
ine 13.
(pdftex.def)             Requested size: 358.50473pt x 270.20964pt.
 [65 <./images/multilayer/agtio2-effective.png>]) (./subart/multilay/prism.tex
<images/multilayer/prism.png, id=329, 577.15625pt x 434.62375pt>
File: images/multilayer/prism.png Graphic file (type png)

<use images/multilayer/prism.png>
Package pdftex.def Info: images/multilayer/prism.png used on input line 4.
(pdftex.def)             Requested size: 358.50473pt x 269.98122pt.

<images/multilayer/prism04.png, id=330, 840.13875pt x 466.74374pt>
File: images/multilayer/prism04.png Graphic file (type png)

<use images/multilayer/prism04.png>
Package pdftex.def Info: images/multilayer/prism04.png used on input line 13.
(pdftex.def)             Requested size: 161.32602pt x 89.62231pt.

Underfull \hbox (badness 10000) in paragraph at lines 13--14

 []

<images/multilayer/prism12.png, id=331, 843.15pt x 472.76625pt>
File: images/multilayer/prism12.png Graphic file (type png)

<use images/multilayer/prism12.png>
Package pdftex.def Info: images/multilayer/prism12.png used on input line 21.
(pdftex.def)             Requested size: 161.32602pt x 90.45412pt.

Underfull \hbox (badness 10000) in paragraph at lines 21--22

 []

[66]
<images/multilayer/prism-ray-tracing1.png, id=335, 294.09875pt x 277.035pt>
File: images/multilayer/prism-ray-tracing1.png Graphic file (type png)

<use images/multilayer/prism-ray-tracing1.png>
Package pdftex.def Info: images/multilayer/prism-ray-tracing1.png used on input
 line 34.
(pdftex.def)             Requested size: 161.32602pt x 151.9639pt.

<images/multilayer/prism-ray-tracing2.png, id=336, 302.12875pt x 276.03125pt>
File: images/multilayer/prism-ray-tracing2.png Graphic file (type png)

<use images/multilayer/prism-ray-tracing2.png>
Package pdftex.def Info: images/multilayer/prism-ray-tracing2.png used on input
 line 37.
(pdftex.def)             Requested size: 161.32602pt x 147.39095pt.
)
(./subart/multilay/complexstru.tex
<images/multilayer/konc_eps_mgr.png, id=337, 147.55125pt x 364.36125pt>
File: images/multilayer/konc_eps_mgr.png Graphic file (type png)

<use images/multilayer/konc_eps_mgr.png>
Package pdftex.def Info: images/multilayer/konc_eps_mgr.png used on input line 
5.
(pdftex.def)             Requested size: 147.55087pt x 364.36035pt.

<images/multilayer/konc_ene_mgr.png, id=338, 251.94125pt x 347.2975pt>
File: images/multilayer/konc_ene_mgr.png Graphic file (type png)

<use images/multilayer/konc_ene_mgr.png>
Package pdftex.def Info: images/multilayer/konc_ene_mgr.png used on input line 
10.
(pdftex.def)             Requested size: 251.94063pt x 347.29665pt.

<images/multilayer/konc_polk_poynt.png, id=339, 274.02374pt x 276.03125pt>
File: images/multilayer/konc_polk_poynt.png Graphic file (type png)

<use images/multilayer/konc_polk_poynt.png>
Package pdftex.def Info: images/multilayer/konc_polk_poynt.png used on input li
ne 16.
(pdftex.def)             Requested size: 161.32602pt x 162.51164pt.

<images/multilayer/konc_coreshell_energy.png, id=340, 284.06125pt x 279.0425pt>
File: images/multilayer/konc_coreshell_energy.png Graphic file (type png)
<use images/multilayer/konc_coreshell_energy.png>
Package pdftex.def Info: images/multilayer/konc_coreshell_energy.png used on in
put line 21.
(pdftex.def)             Requested size: 161.32602pt x 158.48106pt.

Underfull \hbox (badness 2547) in paragraph at lines 1--28
[]\T1/ptm/m/n/10.95 Wykorzystuj¡c za-pro-po-no-wany mo-del mo-»emy za-pro-je-ko
-twa¢ ele-menty
 []

) (./subart/multilay/chropo.tex
Underfull \vbox (badness 4341) has occurred while \output is active []

 [67 <./images/multilayer/prism.png>]
Underfull \hbox (badness 5105) in paragraph at lines 3--4
\T1/ptm/m/n/10.95 ±red-nia kwa-dra-towa ró»-nic fak-tycz-nej gru-bo-±ci war-stw
y od za-mie-rzo-nej
 []

<images/multilayer/ag30nm-afm-measure-hist.png, id=345, 578.16pt x 433.62pt>
File: images/multilayer/ag30nm-afm-measure-hist.png Graphic file (type png)

<use images/multilayer/ag30nm-afm-measure-hist.png>
Package pdftex.def Info: images/multilayer/ag30nm-afm-measure-hist.png used on 
input line 6.
(pdftex.def)             Requested size: 358.50473pt x 268.8747pt.

<images/multilayer/ag30nm-afm-measure.png, id=346, 578.16pt x 433.62pt>
File: images/multilayer/ag30nm-afm-measure.png Graphic file (type png)

<use images/multilayer/ag30nm-afm-measure.png>
Package pdftex.def Info: images/multilayer/ag30nm-afm-measure.png used on input
 line 11.
(pdftex.def)             Requested size: 358.50473pt x 268.8747pt.

Underfull \vbox (badness 1694) has occurred while \output is active []

 [68 <./images/multilayer/prism04.png> <./images/multilayer/prism12.png>]
<images/multilayer/plp-chropo.png, id=350, 555.07375pt x 608.2725pt>
File: images/multilayer/plp-chropo.png Graphic file (type png)

<use images/multilayer/plp-chropo.png>
Package pdftex.def Info: images/multilayer/plp-chropo.png used on input line 21
.
(pdftex.def)             Requested size: 322.65205pt x 353.57794pt.
 [69 <./images/multilayer/prism-ray-tracing1.png> <./images/multilayer/prism-ra
y-tracing2.png>]
<images/multilayer/ag30nm-afm-generated.png, id=354, 578.16pt x 433.62pt>
File: images/multilayer/ag30nm-afm-generated.png Graphic file (type png)

<use images/multilayer/ag30nm-afm-generated.png>
Package pdftex.def Info: images/multilayer/ag30nm-afm-generated.png used on inp
ut line 31.
(pdftex.def)             Requested size: 358.50473pt x 268.8747pt.

Underfull \vbox (badness 10000) has occurred while \output is active []

 [70 <./images/multilayer/konc_eps_mgr.png (PNG copy)> <./images/multilayer/kon
c_ene_mgr.png (PNG copy)> <./images/multilayer/konc_polk_poynt.png> <./images/m
ultilayer/konc_coreshell_energy.png>]
Underfull \vbox (badness 5862) has occurred while \output is active []

 [71 <./images/multilayer/ag30nm-afm-measure-hist.png>]
<images/multilayer/oer-rms01.png, id=363, 1343.0175pt x 800.9925pt>
File: images/multilayer/oer-rms01.png Graphic file (type png)

<use images/multilayer/oer-rms01.png>
Package pdftex.def Info: images/multilayer/oer-rms01.png used on input line 46.

(pdftex.def)             Requested size: 161.32602pt x 96.21272pt.

<images/multilayer/oer-rms05.png, id=364, 1343.0175pt x 800.9925pt>
File: images/multilayer/oer-rms05.png Graphic file (type png)

<use images/multilayer/oer-rms05.png>
Package pdftex.def Info: images/multilayer/oer-rms05.png used on input line 50.

(pdftex.def)             Requested size: 161.32602pt x 96.21272pt.

Underfull \vbox (badness 10000) has occurred while \output is active []

 [72 <./images/multilayer/ag30nm-afm-measure.png>]

LaTeX Warning: Reference `guo2014negative' on page 73 undefined on input line 5
8.

[73 <./images/multilayer/plp-chropo.png>])) [74 <./images/multilayer/ag30nm-afm
-generated.png>] [75 <./images/multilayer/oer-rms01.png (PNG copy)> <./images/m
ultilayer/oer-rms05.png (PNG copy)>] (./praca.nls) (./praca.bbl [76


] [77]
[78] [79] [80] [81]
Underfull \hbox (badness 3019) in paragraph at lines 296--301
[]\T1/ptm/m/n/10.95 Marcin Sto-la-rek, Dmi-tryj Yavor-skiy, Ra-faª Ko-ty«-ski, 
Car-los Zapata-
 []

[82]) [83] (./praca.aux (./wstep.aux) (./rozdzial1.aux) (./rozdzial2.aux)
(./rozdzial3.aux) (./rozdzial4.aux))

LaTeX Warning: There were undefined references.


LaTeX Warning: There were multiply-defined labels.

 ) 
Here is how much of TeX's memory you used:
 8553 strings out of 494993
 127472 string characters out of 6180621
 203476 words of memory out of 5000000
 11376 multiletter control sequences out of 15000+600000
 109380 words of font info for 104 fonts, out of 8000000 for 9000
 34 hyphenation exceptions out of 8191
 42i,13n,52p,1862b,626s stack positions out of 5000i,500n,10000p,200000b,80000s
{/usr/share/texlive/texmf-dist/fonts/enc/dvips/base/8r.enc}</usr/share/texliv
e/texmf-dist/fonts/type1/public/amsfonts/cm/cmex10.pfb></usr/share/texlive/texm
f-dist/fonts/type1/public/amsfonts/cmextra/cmex8.pfb></usr/share/texlive/texmf-
dist/fonts/type1/public/amsfonts/cm/cmmi10.pfb></usr/share/texlive/texmf-dist/f
onts/type1/public/amsfonts/cm/cmmi6.pfb></usr/share/texlive/texmf-dist/fonts/ty
pe1/public/amsfonts/cm/cmmi8.pfb></usr/share/texlive/texmf-dist/fonts/type1/pub
lic/amsfonts/cm/cmmi9.pfb></usr/share/texlive/texmf-dist/fonts/type1/public/ams
fonts/cm/cmr10.pfb></usr/share/texlive/texmf-dist/fonts/type1/public/amsfonts/c
m/cmr6.pfb></usr/share/texlive/texmf-dist/fonts/type1/public/amsfonts/cm/cmr8.p
fb></usr/share/texlive/texmf-dist/fonts/type1/public/amsfonts/cm/cmr9.pfb></usr
/share/texlive/texmf-dist/fonts/type1/public/amsfonts/cm/cmsy10.pfb></usr/share
/texlive/texmf-dist/fonts/type1/public/amsfonts/cm/cmsy6.pfb></usr/share/texliv
e/texmf-dist/fonts/type1/public/amsfonts/cm/cmsy8.pfb></usr/share/texlive/texmf
-dist/fonts/type1/public/amsfonts/symbols/msbm10.pfb></usr/share/texlive/texmf-
dist/fonts/type1/urw/helvetic/uhvb8a.pfb></usr/share/texlive/texmf-dist/fonts/t
ype1/urw/helvetic/uhvr8a.pfb></usr/share/texlive/texmf-dist/fonts/type1/urw/tim
es/utmb8a.pfb></usr/share/texlive/texmf-dist/fonts/type1/urw/times/utmr8a.pfb><
/usr/share/texlive/texmf-dist/fonts/type1/urw/times/utmr8a.pfb></usr/share/texl
ive/texmf-dist/fonts/type1/urw/times/utmri8a.pfb>
Output written on praca.pdf (92 pages, 7860583 bytes).
PDF statistics:
 473 PDF objects out of 1000 (max. 8388607)
 267 compressed objects within 3 object streams
 0 named destinations out of 1000 (max. 500000)
 326 words of extra memory for PDF output out of 10000 (max. 10000000)

